# JRE version: Java(TM) SE Runtime Environment (8.0_25-b18) (build 1.8.0_25-b18)
# Java VM: Java HotSpot(TM) 64-Bit Server VM (25.25-b02 mixed mode windows-amd64 compressed oops)
Heap:
 PSYoungGen      total 177664K, used 98321K [0x00000000eab00000, 0x00000000f9200000, 0x0000000100000000)
  eden space 156160K, 49% used [0x00000000eab00000,0x00000000ef60beb8,0x00000000f4380000)
  from space 21504K, 99% used [0x00000000f4380000,0x00000000f5878678,0x00000000f5880000)
  to   space 29184K, 0% used [0x00000000f7580000,0x00000000f7580000,0x00000000f9200000)
 ParOldGen       total 124928K, used 39781K [0x00000000c0000000, 0x00000000c7a00000, 0x00000000eab00000)
  object space 124928K, 31% used [0x00000000c0000000,0x00000000c26d9508,0x00000000c7a00000)
 Metaspace       used 50686K, capacity 52400K, committed 52736K, reserved 1093632K
  class space    used 6904K, capacity 7572K, committed 7680K, reserved 1048576K
GC Heap History (10 events):
Event: 8.338 GC heap before
{Heap before GC invocations=7 (full 1):
 PSYoungGen      total 130048K, used 68156K [0x00000000eab00000, 0x00000000f4400000, 0x0000000100000000)
  eden space 124928K, 50% used [0x00000000eab00000,0x00000000ee897130,0x00000000f2500000)
  from space 5120K, 99% used [0x00000000f2d00000,0x00000000f31f8020,0x00000000f3200000)
  to   space 15872K, 0% used [0x00000000f3480000,0x00000000f3480000,0x00000000f4400000)
 ParOldGen       total 73728K, used 21618K [0x00000000c0000000, 0x00000000c4800000, 0x00000000eab00000)
  object space 73728K, 29% used [0x00000000c0000000,0x00000000c151cbf0,0x00000000c4800000)
 Metaspace       used 34253K, capacity 35298K, committed 35456K, reserved 1079296K
  class space    used 4706K, capacity 5140K, committed 5248K, reserved 1048576K
Event: 8.362 GC heap after
Heap after GC invocations=7 (full 1):
 PSYoungGen      total 139264K, used 13234K [0x00000000eab00000, 0x00000000f7a80000, 0x0000000100000000)
  eden space 123392K, 0% used [0x00000000eab00000,0x00000000eab00000,0x00000000f2380000)
  from space 15872K, 83% used [0x00000000f3480000,0x00000000f416cba0,0x00000000f4400000)
  to   space 17408K, 0% used [0x00000000f2380000,0x00000000f2380000,0x00000000f3480000)
 ParOldGen       total 73728K, used 21626K [0x00000000c0000000, 0x00000000c4800000, 0x00000000eab00000)
  object space 73728K, 29% used [0x00000000c0000000,0x00000000c151ebf0,0x00000000c4800000)
 Metaspace       used 34253K, capacity 35298K, committed 35456K, reserved 1079296K
  class space    used 4706K, capacity 5140K, committed 5248K, reserved 1048576K
}
Event: 8.362 GC heap before
{Heap before GC invocations=8 (full 2):
 PSYoungGen      total 139264K, used 13234K [0x00000000eab00000, 0x00000000f7a80000, 0x0000000100000000)
  eden space 123392K, 0% used [0x00000000eab00000,0x00000000eab00000,0x00000000f2380000)
  from space 15872K, 83% used [0x00000000f3480000,0x00000000f416cba0,0x00000000f4400000)
  to   space 17408K, 0% used [0x00000000f2380000,0x00000000f2380000,0x00000000f3480000)
 ParOldGen       total 73728K, used 21626K [0x00000000c0000000, 0x00000000c4800000, 0x00000000eab00000)
  object space 73728K, 29% used [0x00000000c0000000,0x00000000c151ebf0,0x00000000c4800000)
 Metaspace       used 34253K, capacity 35298K, committed 35456K, reserved 1079296K
  class space    used 4706K, capacity 5140K, committed 5248K, reserved 1048576K
Event: 8.585 GC heap after
Heap after GC invocations=8 (full 2):
 PSYoungGen      total 139264K, used 0K [0x00000000eab00000, 0x00000000f7a80000, 0x0000000100000000)
  eden space 123392K, 0% used [0x00000000eab00000,0x00000000eab00000,0x00000000f2380000)
  from space 15872K, 0% used [0x00000000f3480000,0x00000000f3480000,0x00000000f4400000)
  to   space 17408K, 0% used [0x00000000f2380000,0x00000000f2380000,0x00000000f3480000)
 ParOldGen       total 124928K, used 24143K [0x00000000c0000000, 0x00000000c7a00000, 0x00000000eab00000)
  object space 124928K, 19% used [0x00000000c0000000,0x00000000c1793e18,0x00000000c7a00000)
 Metaspace       used 34253K, capacity 35298K, committed 35456K, reserved 1079296K
  class space    used 4706K, capacity 5140K, committed 5248K, reserved 1048576K
}
Event: 10.897 GC heap before
{Heap before GC invocations=9 (full 2):
 PSYoungGen      total 139264K, used 123392K [0x00000000eab00000, 0x00000000f7a80000, 0x0000000100000000)
  eden space 123392K, 100% used [0x00000000eab00000,0x00000000f2380000,0x00000000f2380000)
  from space 15872K, 0% used [0x00000000f3480000,0x00000000f3480000,0x00000000f4400000)
  to   space 17408K, 0% used [0x00000000f2380000,0x00000000f2380000,0x00000000f3480000)
 ParOldGen       total 124928K, used 24143K [0x00000000c0000000, 0x00000000c7a00000, 0x00000000eab00000)
  object space 124928K, 19% used [0x00000000c0000000,0x00000000c1793e18,0x00000000c7a00000)
 Metaspace       used 37072K, capacity 38286K, committed 38528K, reserved 1083392K
  class space    used 5043K, capacity 5480K, committed 5504K, reserved 1048576K
Event: 10.915 GC heap after
Heap after GC invocations=9 (full 2):
 PSYoungGen      total 140800K, used 11856K [0x00000000eab00000, 0x00000000f6980000, 0x0000000100000000)
  eden space 123392K, 0% used [0x00000000eab00000,0x00000000eab00000,0x00000000f2380000)
  from space 17408K, 68% used [0x00000000f2380000,0x00000000f2f14160,0x00000000f3480000)
  to   space 17408K, 0% used [0x00000000f5880000,0x00000000f5880000,0x00000000f6980000)
 ParOldGen       total 124928K, used 24151K [0x00000000c0000000, 0x00000000c7a00000, 0x00000000eab00000)
  object space 124928K, 19% used [0x00000000c0000000,0x00000000c1795e18,0x00000000c7a00000)
 Metaspace       used 37072K, capacity 38286K, committed 38528K, reserved 1083392K
  class space    used 5043K, capacity 5480K, committed 5504K, reserved 1048576K
}
Event: 14.014 GC heap before
{Heap before GC invocations=10 (full 2):
 PSYoungGen      total 140800K, used 135248K [0x00000000eab00000, 0x00000000f6980000, 0x0000000100000000)
  eden space 123392K, 100% used [0x00000000eab00000,0x00000000f2380000,0x00000000f2380000)
  from space 17408K, 68% used [0x00000000f2380000,0x00000000f2f14160,0x00000000f3480000)
  to   space 17408K, 0% used [0x00000000f5880000,0x00000000f5880000,0x00000000f6980000)
 ParOldGen       total 124928K, used 24151K [0x00000000c0000000, 0x00000000c7a00000, 0x00000000eab00000)
  object space 124928K, 19% used [0x00000000c0000000,0x00000000c1795e18,0x00000000c7a00000)
 Metaspace       used 40397K, capacity 41810K, committed 42112K, reserved 1085440K
  class space    used 5583K, capacity 6166K, committed 6272K, reserved 1048576K
Event: 14.033 GC heap after
Heap after GC invocations=10 (full 2):
 PSYoungGen      total 173568K, used 17383K [0x00000000eab00000, 0x00000000f6d80000, 0x0000000100000000)
  eden space 156160K, 0% used [0x00000000eab00000,0x00000000eab00000,0x00000000f4380000)
  from space 17408K, 99% used [0x00000000f5880000,0x00000000f6979e98,0x00000000f6980000)
  to   space 21504K, 0% used [0x00000000f4380000,0x00000000f4380000,0x00000000f5880000)
 ParOldGen       total 124928K, used 28204K [0x00000000c0000000, 0x00000000c7a00000, 0x00000000eab00000)
  object space 124928K, 22% used [0x00000000c0000000,0x00000000c1b8b000,0x00000000c7a00000)
 Metaspace       used 40397K, capacity 41810K, committed 42112K, reserved 1085440K
  class space    used 5583K, capacity 6166K, committed 6272K, reserved 1048576K
}
Event: 28.526 GC heap before
{Heap before GC invocations=11 (full 2):
 PSYoungGen      total 173568K, used 173543K [0x00000000eab00000, 0x00000000f6d80000, 0x0000000100000000)
  eden space 156160K, 100% used [0x00000000eab00000,0x00000000f4380000,0x00000000f4380000)
  from space 17408K, 99% used [0x00000000f5880000,0x00000000f6979e98,0x00000000f6980000)
  to   space 21504K, 0% used [0x00000000f4380000,0x00000000f4380000,0x00000000f5880000)
 ParOldGen       total 124928K, used 28204K [0x00000000c0000000, 0x00000000c7a00000, 0x00000000eab00000)
  object space 124928K, 22% used [0x00000000c0000000,0x00000000c1b8b000,0x00000000c7a00000)
 Metaspace       used 50066K, capacity 51792K, committed 51840K, reserved 1093632K
  class space    used 6880K, capacity 7540K, committed 7552K, reserved 1048576K
Event: 28.591 GC heap after
Heap after GC invocations=11 (full 2):
 PSYoungGen      total 177664K, used 21473K [0x00000000eab00000, 0x00000000f9200000, 0x0000000100000000)
  eden space 156160K, 0% used [0x00000000eab00000,0x00000000eab00000,0x00000000f4380000)
  from space 21504K, 99% used [0x00000000f4380000,0x00000000f5878678,0x00000000f5880000)
  to   space 29184K, 0% used [0x00000000f7580000,0x00000000f7580000,0x00000000f9200000)
 ParOldGen       total 124928K, used 39781K [0x00000000c0000000, 0x00000000c7a00000, 0x00000000eab00000)
  object space 124928K, 31% used [0x00000000c0000000,0x00000000c26d9508,0x00000000c7a00000)
 Metaspace       used 50066K, capacity 51792K, committed 51840K, reserved 1093632K
  class space    used 6880K, capacity 7540K, committed 7552K, reserved 1048576K
}

